INFO:     Started server process [58416]
INFO:     Waiting for application startup.
2026-06-09 00:39:58,408 [INFO] app.main: Cleaning up zombie browser processes...
2026-06-09 00:39:59,169 [INFO] app.main: Initializing database...
2026-06-09 00:39:59,185 [INFO] app.main: Database ready.
2026-06-09 00:39:59,185 [INFO] app.main: Cleaning up orphan tasks...
2026-06-09 00:39:59,198 [INFO] app.main: Orphan tasks cleaned up successfully.
2026-06-09 00:39:59,198 [INFO] app.main: Scale-down background loop started.
INFO:     Application startup complete.
INFO:     Uvicorn running on http://0.0.0.0:8001 (Press CTRL+C to quit)
INFO:     ('127.0.0.1', 53441) - "WebSocket /ws/dashboard" [accepted]
INFO:     connection open
INFO:     ('127.0.0.1', 64832) - "WebSocket /ws/dashboard" [accepted]
INFO:     connection open
2026-06-09 00:40:08,750 [INFO] app.main: ☁️  Cloudflare Tunnel URL: https://notification-fabulous-weekends-messaging.trycloudflare.com
2026-06-09 00:41:25,542 [INFO] app.routes.ws: Attempting to auto-start worker for thanhchuapi1@gmail.com...
2026-06-09 00:41:27,006 [INFO] app.automation.play_runner: Opening Colab for thanhchuapi1@gmail.com from GitHub: https://colab.research.google.com/github/mtctv99-cmd/Colab_gpu/blob/main/colab/worker.ipynb
2026-06-09 00:41:30,499 [INFO] app.automation.play_runner: Starting GPU selection and connection for thanhchuapi1@gmail.com (Optimized)
2026-06-09 00:41:30,518 [INFO] app.automation.play_runner: Account thanhchuapi1@gmail.com status: disconnected. Proceeding with GPU setup.
2026-06-09 00:41:31,427 [INFO] app.automation.play_runner: GPU select result for thanhchuapi1@gmail.com: ok
2026-06-09 00:41:31,959 [INFO] app.automation.play_runner: Connecting runtime for thanhchuapi1@gmail.com (20s timeout)...
2026-06-09 00:41:52,684 [WARNING] app.automation.play_runner: Connection timeout (20s) for thanhchuapi1@gmail.com. Marking as quota reached.
2026-06-09 00:41:52,693 [INFO] app.automation.play_runner: Account thanhchuapi1@gmail.com marked OFFLINE for 16 hours due to quota/timeout.
2026-06-09 00:41:52,694 [ERROR] app.automation.play_runner: Failed to start Colab worker for thanhchuapi1@gmail.com: Connection timeout for thanhchuapi1@gmail.com
2026-06-09 00:41:52,891 [INFO] app.automation.play_runner: Saved error screenshot to D:\Colab\data\colab_debug_error.png
2026-06-09 00:41:53,660 [ERROR] app.routes.ws: Failed to start worker for thanhchuapi1@gmail.com, trying next available account: Connection timeout for thanhchuapi1@gmail.com
2026-06-09 00:41:53,687 [INFO] app.routes.ws: Attempting to auto-start worker for thanhchuapi2@gmail.com...
2026-06-09 00:41:55,564 [INFO] app.automation.play_runner: Opening Colab for thanhchuapi2@gmail.com from GitHub: https://colab.research.google.com/github/mtctv99-cmd/Colab_gpu/blob/main/colab/worker.ipynb
2026-06-09 00:41:59,120 [INFO] app.automation.play_runner: Starting GPU selection and connection for thanhchuapi2@gmail.com (Optimized)
2026-06-09 00:41:59,144 [INFO] app.automation.play_runner: Account thanhchuapi2@gmail.com status: disconnected. Proceeding with GPU setup.
2026-06-09 00:42:00,186 [INFO] app.automation.play_runner: GPU select result for thanhchuapi2@gmail.com: ok
2026-06-09 00:42:00,761 [INFO] app.automation.play_runner: Connecting runtime for thanhchuapi2@gmail.com (20s timeout)...
2026-06-09 00:42:21,560 [WARNING] app.automation.play_runner: Connection timeout (20s) for thanhchuapi2@gmail.com. Marking as quota reached.
2026-06-09 00:42:21,584 [INFO] app.automation.play_runner: Account thanhchuapi2@gmail.com marked OFFLINE for 16 hours due to quota/timeout.
2026-06-09 00:42:21,584 [ERROR] app.automation.play_runner: Failed to start Colab worker for thanhchuapi2@gmail.com: Connection timeout for thanhchuapi2@gmail.com
2026-06-09 00:42:21,777 [INFO] app.automation.play_runner: Saved error screenshot to D:\Colab\data\colab_debug_error.png
2026-06-09 00:42:22,496 [ERROR] app.routes.ws: Failed to start worker for thanhchuapi2@gmail.com, trying next available account: Connection timeout for thanhchuapi2@gmail.com
2026-06-09 00:42:22,514 [INFO] app.routes.ws: Attempting to auto-start worker for thanhchuapi3@gmail.com...
2026-06-09 00:42:24,134 [INFO] app.automation.play_runner: Opening Colab for thanhchuapi3@gmail.com from GitHub: https://colab.research.google.com/github/mtctv99-cmd/Colab_gpu/blob/main/colab/worker.ipynb
2026-06-09 00:42:27,635 [INFO] app.automation.play_runner: Starting GPU selection and connection for thanhchuapi3@gmail.com (Optimized)
2026-06-09 00:42:27,655 [INFO] app.automation.play_runner: Account thanhchuapi3@gmail.com status: disconnected. Proceeding with GPU setup.
2026-06-09 00:42:28,630 [INFO] app.automation.play_runner: GPU select result for thanhchuapi3@gmail.com: ok
2026-06-09 00:42:29,178 [INFO] app.automation.play_runner: Connecting runtime for thanhchuapi3@gmail.com (20s timeout)...
2026-06-09 00:42:49,303 [WARNING] app.automation.play_runner: Connection timeout (20s) for thanhchuapi3@gmail.com. Marking as quota reached.
2026-06-09 00:42:49,320 [INFO] app.automation.play_runner: Account thanhchuapi3@gmail.com marked OFFLINE for 16 hours due to quota/timeout.
2026-06-09 00:42:49,321 [ERROR] app.automation.play_runner: Failed to start Colab worker for thanhchuapi3@gmail.com: Connection timeout for thanhchuapi3@gmail.com
2026-06-09 00:42:49,503 [INFO] app.automation.play_runner: Saved error screenshot to D:\Colab\data\colab_debug_error.png
2026-06-09 00:42:50,025 [ERROR] app.routes.ws: Failed to start worker for thanhchuapi3@gmail.com, trying next available account: Connection timeout for thanhchuapi3@gmail.com
2026-06-09 00:42:50,043 [INFO] app.routes.ws: Attempting to auto-start worker for thanhchuapi4@gmail.com...
2026-06-09 00:42:51,971 [INFO] app.automation.play_runner: Opening Colab for thanhchuapi4@gmail.com from GitHub: https://colab.research.google.com/github/mtctv99-cmd/Colab_gpu/blob/main/colab/worker.ipynb
2026-06-09 00:42:55,420 [INFO] app.automation.play_runner: Starting GPU selection and connection for thanhchuapi4@gmail.com (Optimized)
2026-06-09 00:42:55,435 [INFO] app.automation.play_runner: Account thanhchuapi4@gmail.com status: disconnected. Proceeding with GPU setup.
2026-06-09 00:42:56,342 [INFO] app.automation.play_runner: GPU select result for thanhchuapi4@gmail.com: ok
2026-06-09 00:42:56,894 [INFO] app.automation.play_runner: Connecting runtime for thanhchuapi4@gmail.com (20s timeout)...
2026-06-09 00:43:17,642 [WARNING] app.automation.play_runner: Connection timeout (20s) for thanhchuapi4@gmail.com. Marking as quota reached.
2026-06-09 00:43:17,652 [INFO] app.automation.play_runner: Account thanhchuapi4@gmail.com marked OFFLINE for 16 hours due to quota/timeout.
2026-06-09 00:43:17,652 [ERROR] app.automation.play_runner: Failed to start Colab worker for thanhchuapi4@gmail.com: Connection timeout for thanhchuapi4@gmail.com
2026-06-09 00:43:17,852 [INFO] app.automation.play_runner: Saved error screenshot to D:\Colab\data\colab_debug_error.png
2026-06-09 00:43:18,356 [ERROR] app.routes.ws: Failed to start worker for thanhchuapi4@gmail.com, trying next available account: Connection timeout for thanhchuapi4@gmail.com
2026-06-09 00:43:18,366 [INFO] app.routes.ws: Attempting to auto-start worker for thanhchuapi5@gmail.com...
2026-06-09 00:43:19,774 [INFO] app.automation.play_runner: Opening Colab for thanhchuapi5@gmail.com from GitHub: https://colab.research.google.com/github/mtctv99-cmd/Colab_gpu/blob/main/colab/worker.ipynb
2026-06-09 00:43:23,304 [INFO] app.automation.play_runner: Starting GPU selection and connection for thanhchuapi5@gmail.com (Optimized)
2026-06-09 00:43:23,316 [INFO] app.automation.play_runner: Account thanhchuapi5@gmail.com status: disconnected. Proceeding with GPU setup.
2026-06-09 00:43:24,285 [INFO] app.automation.play_runner: GPU select result for thanhchuapi5@gmail.com: ok
2026-06-09 00:43:24,835 [INFO] app.automation.play_runner: Connecting runtime for thanhchuapi5@gmail.com (20s timeout)...
